app/build/intermediates/manifest_merge_blame_file/debug/manifest-merger-blame-debug-report.txt
1<?xml version="1.0" encoding="utf-8"?>
2<manifest xmlns:android="http://schemas.android.com/apk/res/android"
3    package="com.example.skillsgogo"
4    android:versionCode="1"
5    android:versionName="1.0" >
6
7    <uses-sdk
8        android:minSdkVersion="24"
8-->src\main\AndroidManifest.xml
9        android:targetSdkVersion="33" />
9-->src\main\AndroidManifest.xml
10
11    <uses-permission android:name="android.permission.WRITE_EXTERNAL_STORAGE" />
11-->src\main\AndroidManifest.xml:4:5-5:40
11-->src\main\AndroidManifest.xml:4:22-78
12    <uses-permission android:name="android.permission.READ_EXTERNAL_STORAGE" />
12-->src\main\AndroidManifest.xml:6:5-80
12-->src\main\AndroidManifest.xml:6:22-77
13    <uses-permission android:name="android.permission.INTERNET" />
13-->[com.google.firebase:firebase-auth:22.0.0] AndroidManifest.xml:25:5-67
13-->[com.google.firebase:firebase-auth:22.0.0] AndroidManifest.xml:25:22-64
14    <uses-permission android:name="android.permission.ACCESS_NETWORK_STATE" />
14-->[com.google.firebase:firebase-auth:22.0.0] AndroidManifest.xml:26:5-79
14-->[com.google.firebase:firebase-auth:22.0.0] AndroidManifest.xml:26:22-76
15    <uses-permission android:name="android.permission.WAKE_LOCK" />
15-->[com.google.android.gms:play-services-measurement-api:20.1.2] AndroidManifest.xml:24:5-68
15-->[com.google.android.gms:play-services-measurement-api:20.1.2] AndroidManifest.xml:24:22-65
16    <uses-permission android:name="com.google.android.gms.permission.AD_ID" />
16-->[com.google.android.gms:play-services-measurement-api:20.1.2] AndroidManifest.xml:25:5-79
16-->[com.google.android.gms:play-services-measurement-api:20.1.2] AndroidManifest.xml:25:22-76
17    <uses-permission android:name="com.google.android.finsky.permission.BIND_GET_INSTALL_REFERRER_SERVICE" />
17-->[com.google.android.gms:play-services-measurement:20.1.2] AndroidManifest.xml:26:5-110
17-->[com.google.android.gms:play-services-measurement:20.1.2] AndroidManifest.xml:26:22-107
18
19    <permission
19-->[androidx.core:core:1.9.0] AndroidManifest.xml:22:5-24:47
20        android:name="com.example.skillsgogo.DYNAMIC_RECEIVER_NOT_EXPORTED_PERMISSION"
20-->[androidx.core:core:1.9.0] AndroidManifest.xml:23:9-81
21        android:protectionLevel="signature" />
21-->[androidx.core:core:1.9.0] AndroidManifest.xml:24:9-44
22
23    <uses-permission android:name="com.example.skillsgogo.DYNAMIC_RECEIVER_NOT_EXPORTED_PERMISSION" />
23-->[androidx.core:core:1.9.0] AndroidManifest.xml:26:5-97
23-->[androidx.core:core:1.9.0] AndroidManifest.xml:26:22-94
24
25    <application
25-->src\main\AndroidManifest.xml:11:5-134:19
26        android:allowBackup="true"
26-->src\main\AndroidManifest.xml:12:9-35
27        android:appComponentFactory="androidx.core.app.CoreComponentFactory"
27-->[androidx.core:core:1.9.0] AndroidManifest.xml:28:18-86
28        android:dataExtractionRules="@xml/data_extraction_rules"
28-->src\main\AndroidManifest.xml:13:9-65
29        android:debuggable="true"
30        android:extractNativeLibs="false"
31        android:fullBackupContent="@xml/backup_rules"
31-->src\main\AndroidManifest.xml:14:9-54
32        android:icon="@drawable/app_icon"
32-->src\main\AndroidManifest.xml:15:9-42
33        android:label="@string/app_name"
33-->src\main\AndroidManifest.xml:16:9-41
34        android:supportsRtl="true"
34-->src\main\AndroidManifest.xml:17:9-35
35        android:testOnly="true"
36        android:theme="@style/Theme.SkillsGoGo" >
36-->src\main\AndroidManifest.xml:18:9-48
37        <activity
37-->src\main\AndroidManifest.xml:20:9-22:40
38            android:name="com.example.skillsgogo.RemovePdf"
38-->src\main\AndroidManifest.xml:21:13-38
39            android:exported="false" />
39-->src\main\AndroidManifest.xml:22:13-37
40        <activity
40-->src\main\AndroidManifest.xml:23:9-25:40
41            android:name="com.example.skillsgogo.ReadComments"
41-->src\main\AndroidManifest.xml:24:13-41
42            android:exported="false" />
42-->src\main\AndroidManifest.xml:25:13-37
43        <activity
43-->src\main\AndroidManifest.xml:26:9-28:40
44            android:name="com.example.skillsgogo.GiveComments"
44-->src\main\AndroidManifest.xml:27:13-41
45            android:exported="false" />
45-->src\main\AndroidManifest.xml:28:13-37
46        <activity
46-->src\main\AndroidManifest.xml:29:9-31:40
47            android:name="com.example.skillsgogo.PostDetails"
47-->src\main\AndroidManifest.xml:30:13-40
48            android:exported="false" />
48-->src\main\AndroidManifest.xml:31:13-37
49        <activity
49-->src\main\AndroidManifest.xml:32:9-34:40
50            android:name="com.example.skillsgogo.MyPost"
50-->src\main\AndroidManifest.xml:33:13-35
51            android:exported="false" />
51-->src\main\AndroidManifest.xml:34:13-37
52        <activity
52-->src\main\AndroidManifest.xml:35:9-37:40
53            android:name="com.example.skillsgogo.AddPost"
53-->src\main\AndroidManifest.xml:36:13-36
54            android:exported="false" />
54-->src\main\AndroidManifest.xml:37:13-37
55        <activity
55-->src\main\AndroidManifest.xml:38:9-40:40
56            android:name="com.example.skillsgogo.ReadPost"
56-->src\main\AndroidManifest.xml:39:13-37
57            android:exported="false" />
57-->src\main\AndroidManifest.xml:40:13-37
58        <activity
58-->src\main\AndroidManifest.xml:41:9-43:40
59            android:name="com.example.skillsgogo.Community"
59-->src\main\AndroidManifest.xml:42:13-38
60            android:exported="false" />
60-->src\main\AndroidManifest.xml:43:13-37
61        <activity
61-->src\main\AndroidManifest.xml:44:9-46:40
62            android:name="com.example.skillsgogo.SearchBycat"
62-->src\main\AndroidManifest.xml:45:13-40
63            android:exported="false" />
63-->src\main\AndroidManifest.xml:46:13-37
64        <activity
64-->src\main\AndroidManifest.xml:47:9-49:40
65            android:name="com.example.skillsgogo.SearchByTitle"
65-->src\main\AndroidManifest.xml:48:13-42
66            android:exported="false" />
66-->src\main\AndroidManifest.xml:49:13-37
67        <activity
67-->src\main\AndroidManifest.xml:50:9-52:40
68            android:name="com.example.skillsgogo.SearchByAuth"
68-->src\main\AndroidManifest.xml:51:13-41
69            android:exported="false" />
69-->src\main\AndroidManifest.xml:52:13-37
70        <activity
70-->src\main\AndroidManifest.xml:53:9-55:40
71            android:name="com.example.skillsgogo.SeeFile"
71-->src\main\AndroidManifest.xml:54:13-36
72            android:exported="false" />
72-->src\main\AndroidManifest.xml:55:13-37
73        <activity
73-->src\main\AndroidManifest.xml:56:9-58:40
74            android:name="com.example.skillsgogo.AddPdf"
74-->src\main\AndroidManifest.xml:57:13-35
75            android:exported="false" />
75-->src\main\AndroidManifest.xml:58:13-37
76        <activity
76-->src\main\AndroidManifest.xml:59:9-61:40
77            android:name="com.example.skillsgogo.AddCategory"
77-->src\main\AndroidManifest.xml:60:13-40
78            android:exported="false" />
78-->src\main\AndroidManifest.xml:61:13-37
79        <activity
79-->src\main\AndroidManifest.xml:62:9-64:40
80            android:name="com.example.skillsgogo.StudentSearch"
80-->src\main\AndroidManifest.xml:63:13-42
81            android:exported="false" />
81-->src\main\AndroidManifest.xml:64:13-37
82        <activity
82-->src\main\AndroidManifest.xml:65:9-67:40
83            android:name="com.example.skillsgogo.StudentView"
83-->src\main\AndroidManifest.xml:66:13-40
84            android:exported="false" />
84-->src\main\AndroidManifest.xml:67:13-37
85        <activity
85-->src\main\AndroidManifest.xml:68:9-72:54
86            android:name="com.example.skillsgogo.QuizResultActivity"
86-->src\main\AndroidManifest.xml:69:13-47
87            android:exported="false"
87-->src\main\AndroidManifest.xml:70:13-37
88            android:label="Quiz Result"
88-->src\main\AndroidManifest.xml:71:13-40
89            android:parentActivityName="com.example.skillsgogo.GiveQuiz" />
89-->src\main\AndroidManifest.xml:72:13-51
90        <activity
90-->src\main\AndroidManifest.xml:73:9-75:40
91            android:name="com.example.skillsgogo.GiveFeedBack"
91-->src\main\AndroidManifest.xml:74:13-41
92            android:exported="false" /> <!-- Remove the <activity> tag for HomeFragment -->
92-->src\main\AndroidManifest.xml:75:13-37
93        <activity
93-->src\main\AndroidManifest.xml:76:9-78:40
94            android:name="com.example.skillsgogo.NavMain"
94-->src\main\AndroidManifest.xml:77:13-36
95            android:exported="false" />
95-->src\main\AndroidManifest.xml:78:13-37
96        <activity
96-->src\main\AndroidManifest.xml:79:9-81:40
97            android:name="com.example.skillsgogo.ReadFeedback"
97-->src\main\AndroidManifest.xml:80:13-41
98            android:exported="false" />
98-->src\main\AndroidManifest.xml:81:13-37
99        <activity
99-->src\main\AndroidManifest.xml:82:9-84:40
100            android:name="com.example.skillsgogo.GiveQuiz"
100-->src\main\AndroidManifest.xml:83:13-37
101            android:exported="false" />
101-->src\main\AndroidManifest.xml:84:13-37
102        <activity
102-->src\main\AndroidManifest.xml:85:9-87:40
103            android:name="com.example.skillsgogo.AddQue"
103-->src\main\AndroidManifest.xml:86:13-35
104            android:exported="false" />
104-->src\main\AndroidManifest.xml:87:13-37
105        <activity
105-->src\main\AndroidManifest.xml:88:9-90:40
106            android:name="com.example.skillsgogo.UpdateFetch"
106-->src\main\AndroidManifest.xml:89:13-40
107            android:exported="false" />
107-->src\main\AndroidManifest.xml:90:13-37
108        <activity
108-->src\main\AndroidManifest.xml:91:9-93:40
109            android:name="com.example.skillsgogo.CourseDetails"
109-->src\main\AndroidManifest.xml:92:13-42
110            android:exported="false" />
110-->src\main\AndroidManifest.xml:93:13-37
111        <activity
111-->src\main\AndroidManifest.xml:94:9-96:40
112            android:name="com.example.skillsgogo.UpdateCourse"
112-->src\main\AndroidManifest.xml:95:13-41
113            android:exported="false" />
113-->src\main\AndroidManifest.xml:96:13-37
114        <activity
114-->src\main\AndroidManifest.xml:97:9-99:40
115            android:name="com.example.skillsgogo.DeleteCourse"
115-->src\main\AndroidManifest.xml:98:13-41
116            android:exported="false" />
116-->src\main\AndroidManifest.xml:99:13-37
117        <activity
117-->src\main\AndroidManifest.xml:100:9-102:40
118            android:name="com.example.skillsgogo.ReadCourse"
118-->src\main\AndroidManifest.xml:101:13-39
119            android:exported="false" />
119-->src\main\AndroidManifest.xml:102:13-37
120        <activity
120-->src\main\AndroidManifest.xml:103:9-105:40
121            android:name="com.example.skillsgogo.AddCourse"
121-->src\main\AndroidManifest.xml:104:13-38
122            android:exported="false" />
122-->src\main\AndroidManifest.xml:105:13-37
123        <activity
123-->src\main\AndroidManifest.xml:106:9-108:40
124            android:name="com.example.skillsgogo.StudentHome"
124-->src\main\AndroidManifest.xml:107:13-40
125            android:exported="false" />
125-->src\main\AndroidManifest.xml:108:13-37
126        <activity
126-->src\main\AndroidManifest.xml:109:9-111:40
127            android:name="com.example.skillsgogo.TeacherHome"
127-->src\main\AndroidManifest.xml:110:13-40
128            android:exported="false" />
128-->src\main\AndroidManifest.xml:111:13-37
129        <activity
129-->src\main\AndroidManifest.xml:112:9-114:40
130            android:name="com.example.skillsgogo.Register"
130-->src\main\AndroidManifest.xml:113:13-37
131            android:exported="false" />
131-->src\main\AndroidManifest.xml:114:13-37
132        <activity
132-->src\main\AndroidManifest.xml:115:9-117:40
133            android:name="com.example.skillsgogo.ChoiceTL"
133-->src\main\AndroidManifest.xml:116:13-37
134            android:exported="false" />
134-->src\main\AndroidManifest.xml:117:13-37
135        <activity
135-->src\main\AndroidManifest.xml:118:9-120:40
136            android:name="com.example.skillsgogo.Login"
136-->src\main\AndroidManifest.xml:119:13-34
137            android:exported="false" />
137-->src\main\AndroidManifest.xml:120:13-37
138        <activity
138-->src\main\AndroidManifest.xml:121:9-129:20
139            android:name="com.example.skillsgogo.MainActivity"
139-->src\main\AndroidManifest.xml:122:13-41
140            android:exported="true" >
140-->src\main\AndroidManifest.xml:123:13-36
141            <intent-filter>
141-->src\main\AndroidManifest.xml:124:13-128:29
142                <action android:name="android.intent.action.MAIN" />
142-->src\main\AndroidManifest.xml:125:17-69
142-->src\main\AndroidManifest.xml:125:25-66
143
144                <category android:name="android.intent.category.LAUNCHER" />
144-->src\main\AndroidManifest.xml:127:17-77
144-->src\main\AndroidManifest.xml:127:27-74
145            </intent-filter>
146        </activity>
147
148        <meta-data
148-->src\main\AndroidManifest.xml:131:9-133:57
149            android:name="preloaded_fonts"
149-->src\main\AndroidManifest.xml:132:13-43
150            android:resource="@array/preloaded_fonts" />
150-->src\main\AndroidManifest.xml:133:13-54
151
152        <activity
152-->[com.google.firebase:firebase-auth:22.0.0] AndroidManifest.xml:29:9-46:20
153            android:name="com.google.firebase.auth.internal.GenericIdpActivity"
153-->[com.google.firebase:firebase-auth:22.0.0] AndroidManifest.xml:30:13-80
154            android:excludeFromRecents="true"
154-->[com.google.firebase:firebase-auth:22.0.0] AndroidManifest.xml:31:13-46
155            android:exported="true"
155-->[com.google.firebase:firebase-auth:22.0.0] AndroidManifest.xml:32:13-36
156            android:launchMode="singleTask"
156-->[com.google.firebase:firebase-auth:22.0.0] AndroidManifest.xml:33:13-44
157            android:theme="@android:style/Theme.Translucent.NoTitleBar" >
157-->[com.google.firebase:firebase-auth:22.0.0] AndroidManifest.xml:34:13-72
158            <intent-filter>
158-->[com.google.firebase:firebase-auth:22.0.0] AndroidManifest.xml:35:13-45:29
159                <action android:name="android.intent.action.VIEW" />
159-->[com.google.firebase:firebase-auth:22.0.0] AndroidManifest.xml:36:17-69
159-->[com.google.firebase:firebase-auth:22.0.0] AndroidManifest.xml:36:25-66
160
161                <category android:name="android.intent.category.DEFAULT" />
161-->[com.google.firebase:firebase-auth:22.0.0] AndroidManifest.xml:38:17-76
161-->[com.google.firebase:firebase-auth:22.0.0] AndroidManifest.xml:38:27-73
162                <category android:name="android.intent.category.BROWSABLE" />
162-->[com.google.firebase:firebase-auth:22.0.0] AndroidManifest.xml:39:17-78
162-->[com.google.firebase:firebase-auth:22.0.0] AndroidManifest.xml:39:27-75
163
164                <data
164-->[com.google.firebase:firebase-auth:22.0.0] AndroidManifest.xml:41:17-44:51
165                    android:host="firebase.auth"
165-->[com.google.firebase:firebase-auth:22.0.0] AndroidManifest.xml:42:21-49
166                    android:path="/"
166-->[com.google.firebase:firebase-auth:22.0.0] AndroidManifest.xml:43:21-37
167                    android:scheme="genericidp" />
167-->[com.google.firebase:firebase-auth:22.0.0] AndroidManifest.xml:44:21-48
168            </intent-filter>
169        </activity>
170        <activity
170-->[com.google.firebase:firebase-auth:22.0.0] AndroidManifest.xml:47:9-64:20
171            android:name="com.google.firebase.auth.internal.RecaptchaActivity"
171-->[com.google.firebase:firebase-auth:22.0.0] AndroidManifest.xml:48:13-79
172            android:excludeFromRecents="true"
172-->[com.google.firebase:firebase-auth:22.0.0] AndroidManifest.xml:49:13-46
173            android:exported="true"
173-->[com.google.firebase:firebase-auth:22.0.0] AndroidManifest.xml:50:13-36
174            android:launchMode="singleTask"
174-->[com.google.firebase:firebase-auth:22.0.0] AndroidManifest.xml:51:13-44
175            android:theme="@android:style/Theme.Translucent.NoTitleBar" >
175-->[com.google.firebase:firebase-auth:22.0.0] AndroidManifest.xml:52:13-72
176            <intent-filter>
176-->[com.google.firebase:firebase-auth:22.0.0] AndroidManifest.xml:53:13-63:29
177                <action android:name="android.intent.action.VIEW" />
177-->[com.google.firebase:firebase-auth:22.0.0] AndroidManifest.xml:36:17-69
177-->[com.google.firebase:firebase-auth:22.0.0] AndroidManifest.xml:36:25-66
178
179                <category android:name="android.intent.category.DEFAULT" />
179-->[com.google.firebase:firebase-auth:22.0.0] AndroidManifest.xml:38:17-76
179-->[com.google.firebase:firebase-auth:22.0.0] AndroidManifest.xml:38:27-73
180                <category android:name="android.intent.category.BROWSABLE" />
180-->[com.google.firebase:firebase-auth:22.0.0] AndroidManifest.xml:39:17-78
180-->[com.google.firebase:firebase-auth:22.0.0] AndroidManifest.xml:39:27-75
181
182                <data
182-->[com.google.firebase:firebase-auth:22.0.0] AndroidManifest.xml:41:17-44:51
183                    android:host="firebase.auth"
183-->[com.google.firebase:firebase-auth:22.0.0] AndroidManifest.xml:42:21-49
184                    android:path="/"
184-->[com.google.firebase:firebase-auth:22.0.0] AndroidManifest.xml:43:21-37
185                    android:scheme="recaptcha" />
185-->[com.google.firebase:firebase-auth:22.0.0] AndroidManifest.xml:44:21-48
186            </intent-filter>
187        </activity>
188
189        <service
189-->[com.google.firebase:firebase-auth:22.0.0] AndroidManifest.xml:66:9-72:19
190            android:name="com.google.firebase.components.ComponentDiscoveryService"
190-->[com.google.firebase:firebase-auth:22.0.0] AndroidManifest.xml:67:13-84
191            android:directBootAware="true"
191-->[com.google.firebase:firebase-common:20.3.2] AndroidManifest.xml:34:13-43
192            android:exported="false" >
192-->[com.google.firebase:firebase-auth:22.0.0] AndroidManifest.xml:68:13-37
193            <meta-data
193-->[com.google.firebase:firebase-auth:22.0.0] AndroidManifest.xml:69:13-71:85
194                android:name="com.google.firebase.components:com.google.firebase.auth.FirebaseAuthRegistrar"
194-->[com.google.firebase:firebase-auth:22.0.0] AndroidManifest.xml:70:17-109
195                android:value="com.google.firebase.components.ComponentRegistrar" />
195-->[com.google.firebase:firebase-auth:22.0.0] AndroidManifest.xml:71:17-82
196            <meta-data
196-->[com.google.firebase:firebase-firestore:24.6.0] AndroidManifest.xml:19:13-21:85
197                android:name="com.google.firebase.components:com.google.firebase.firestore.FirestoreRegistrar"
197-->[com.google.firebase:firebase-firestore:24.6.0] AndroidManifest.xml:20:17-111
198                android:value="com.google.firebase.components.ComponentRegistrar" />
198-->[com.google.firebase:firebase-firestore:24.6.0] AndroidManifest.xml:21:17-82
199            <meta-data
199-->[com.google.firebase:firebase-database:20.2.1] AndroidManifest.xml:31:13-33:85
200                android:name="com.google.firebase.components:com.google.firebase.database.DatabaseRegistrar"
200-->[com.google.firebase:firebase-database:20.2.1] AndroidManifest.xml:32:17-109
201                android:value="com.google.firebase.components.ComponentRegistrar" />
201-->[com.google.firebase:firebase-database:20.2.1] AndroidManifest.xml:33:17-82
202            <meta-data
202-->[com.google.firebase:firebase-storage:20.2.0] AndroidManifest.xml:32:13-34:85
203                android:name="com.google.firebase.components:com.google.firebase.storage.StorageRegistrar"
203-->[com.google.firebase:firebase-storage:20.2.0] AndroidManifest.xml:33:17-107
204                android:value="com.google.firebase.components.ComponentRegistrar" />
204-->[com.google.firebase:firebase-storage:20.2.0] AndroidManifest.xml:34:17-82
205            <meta-data
205-->[com.google.android.gms:play-services-measurement-api:20.1.2] AndroidManifest.xml:31:13-33:85
206                android:name="com.google.firebase.components:com.google.firebase.analytics.connector.internal.AnalyticsConnectorRegistrar"
206-->[com.google.android.gms:play-services-measurement-api:20.1.2] AndroidManifest.xml:32:17-139
207                android:value="com.google.firebase.components.ComponentRegistrar" />
207-->[com.google.android.gms:play-services-measurement-api:20.1.2] AndroidManifest.xml:33:17-82
208            <meta-data
208-->[com.google.firebase:firebase-installations:17.0.0] AndroidManifest.xml:18:13-20:85
209                android:name="com.google.firebase.components:com.google.firebase.installations.FirebaseInstallationsRegistrar"
209-->[com.google.firebase:firebase-installations:17.0.0] AndroidManifest.xml:19:17-127
210                android:value="com.google.firebase.components.ComponentRegistrar" />
210-->[com.google.firebase:firebase-installations:17.0.0] AndroidManifest.xml:20:17-82
211        </service>
212
213        <activity
213-->[com.google.android.gms:play-services-auth:19.2.0] AndroidManifest.xml:23:9-27:75
214            android:name="com.google.android.gms.auth.api.signin.internal.SignInHubActivity"
214-->[com.google.android.gms:play-services-auth:19.2.0] AndroidManifest.xml:24:13-93
215            android:excludeFromRecents="true"
215-->[com.google.android.gms:play-services-auth:19.2.0] AndroidManifest.xml:25:13-46
216            android:exported="false"
216-->[com.google.android.gms:play-services-auth:19.2.0] AndroidManifest.xml:26:13-37
217            android:theme="@android:style/Theme.Translucent.NoTitleBar" />
217-->[com.google.android.gms:play-services-auth:19.2.0] AndroidManifest.xml:27:13-72
218        <!--
219            Service handling Google Sign-In user revocation. For apps that do not integrate with
220            Google Sign-In, this service will never be started.
221        -->
222        <service
222-->[com.google.android.gms:play-services-auth:19.2.0] AndroidManifest.xml:33:9-37:51
223            android:name="com.google.android.gms.auth.api.signin.RevocationBoundService"
223-->[com.google.android.gms:play-services-auth:19.2.0] AndroidManifest.xml:34:13-89
224            android:exported="true"
224-->[com.google.android.gms:play-services-auth:19.2.0] AndroidManifest.xml:35:13-36
225            android:permission="com.google.android.gms.auth.api.signin.permission.REVOCATION_NOTIFICATION"
225-->[com.google.android.gms:play-services-auth:19.2.0] AndroidManifest.xml:36:13-107
226            android:visibleToInstantApps="true" />
226-->[com.google.android.gms:play-services-auth:19.2.0] AndroidManifest.xml:37:13-48
227
228        <provider
228-->[com.google.firebase:firebase-common:20.3.2] AndroidManifest.xml:25:9-30:39
229            android:name="com.google.firebase.provider.FirebaseInitProvider"
229-->[com.google.firebase:firebase-common:20.3.2] AndroidManifest.xml:26:13-77
230            android:authorities="com.example.skillsgogo.firebaseinitprovider"
230-->[com.google.firebase:firebase-common:20.3.2] AndroidManifest.xml:27:13-72
231            android:directBootAware="true"
231-->[com.google.firebase:firebase-common:20.3.2] AndroidManifest.xml:28:13-43
232            android:exported="false"
232-->[com.google.firebase:firebase-common:20.3.2] AndroidManifest.xml:29:13-37
233            android:initOrder="100" />
233-->[com.google.firebase:firebase-common:20.3.2] AndroidManifest.xml:30:13-36
234
235        <activity
235-->[com.google.android.gms:play-services-base:18.1.0] AndroidManifest.xml:20:9-22:45
236            android:name="com.google.android.gms.common.api.GoogleApiActivity"
236-->[com.google.android.gms:play-services-base:18.1.0] AndroidManifest.xml:20:19-85
237            android:exported="false"
237-->[com.google.android.gms:play-services-base:18.1.0] AndroidManifest.xml:22:19-43
238            android:theme="@android:style/Theme.Translucent.NoTitleBar" />
238-->[com.google.android.gms:play-services-base:18.1.0] AndroidManifest.xml:21:19-78
239
240        <receiver
240-->[com.google.android.gms:play-services-measurement:20.1.2] AndroidManifest.xml:29:9-33:20
241            android:name="com.google.android.gms.measurement.AppMeasurementReceiver"
241-->[com.google.android.gms:play-services-measurement:20.1.2] AndroidManifest.xml:30:13-85
242            android:enabled="true"
242-->[com.google.android.gms:play-services-measurement:20.1.2] AndroidManifest.xml:31:13-35
243            android:exported="false" >
243-->[com.google.android.gms:play-services-measurement:20.1.2] AndroidManifest.xml:32:13-37
244        </receiver>
245
246        <service
246-->[com.google.android.gms:play-services-measurement:20.1.2] AndroidManifest.xml:35:9-38:40
247            android:name="com.google.android.gms.measurement.AppMeasurementService"
247-->[com.google.android.gms:play-services-measurement:20.1.2] AndroidManifest.xml:36:13-84
248            android:enabled="true"
248-->[com.google.android.gms:play-services-measurement:20.1.2] AndroidManifest.xml:37:13-35
249            android:exported="false" />
249-->[com.google.android.gms:play-services-measurement:20.1.2] AndroidManifest.xml:38:13-37
250        <service
250-->[com.google.android.gms:play-services-measurement:20.1.2] AndroidManifest.xml:39:9-43:72
251            android:name="com.google.android.gms.measurement.AppMeasurementJobService"
251-->[com.google.android.gms:play-services-measurement:20.1.2] AndroidManifest.xml:40:13-87
252            android:enabled="true"
252-->[com.google.android.gms:play-services-measurement:20.1.2] AndroidManifest.xml:41:13-35
253            android:exported="false"
253-->[com.google.android.gms:play-services-measurement:20.1.2] AndroidManifest.xml:42:13-37
254            android:permission="android.permission.BIND_JOB_SERVICE" />
254-->[com.google.android.gms:play-services-measurement:20.1.2] AndroidManifest.xml:43:13-69
255
256        <uses-library
256-->[androidx.window:window:1.0.0] AndroidManifest.xml:25:9-27:40
257            android:name="androidx.window.extensions"
257-->[androidx.window:window:1.0.0] AndroidManifest.xml:26:13-54
258            android:required="false" />
258-->[androidx.window:window:1.0.0] AndroidManifest.xml:27:13-37
259        <uses-library
259-->[androidx.window:window:1.0.0] AndroidManifest.xml:28:9-30:40
260            android:name="androidx.window.sidecar"
260-->[androidx.window:window:1.0.0] AndroidManifest.xml:29:13-51
261            android:required="false" />
261-->[androidx.window:window:1.0.0] AndroidManifest.xml:30:13-37
262
263        <meta-data
263-->[com.google.android.gms:play-services-basement:18.1.0] AndroidManifest.xml:21:9-23:69
264            android:name="com.google.android.gms.version"
264-->[com.google.android.gms:play-services-basement:18.1.0] AndroidManifest.xml:22:13-58
265            android:value="@integer/google_play_services_version" />
265-->[com.google.android.gms:play-services-basement:18.1.0] AndroidManifest.xml:23:13-66
266
267        <provider
267-->[androidx.emoji2:emoji2:1.2.0] AndroidManifest.xml:24:9-32:20
268            android:name="androidx.startup.InitializationProvider"
268-->[androidx.emoji2:emoji2:1.2.0] AndroidManifest.xml:25:13-67
269            android:authorities="com.example.skillsgogo.androidx-startup"
269-->[androidx.emoji2:emoji2:1.2.0] AndroidManifest.xml:26:13-68
270            android:exported="false" >
270-->[androidx.emoji2:emoji2:1.2.0] AndroidManifest.xml:27:13-37
271            <meta-data
271-->[androidx.emoji2:emoji2:1.2.0] AndroidManifest.xml:29:13-31:52
272                android:name="androidx.emoji2.text.EmojiCompatInitializer"
272-->[androidx.emoji2:emoji2:1.2.0] AndroidManifest.xml:30:17-75
273                android:value="androidx.startup" />
273-->[androidx.emoji2:emoji2:1.2.0] AndroidManifest.xml:31:17-49
274            <meta-data
274-->[androidx.lifecycle:lifecycle-process:2.4.1] AndroidManifest.xml:31:13-33:52
275                android:name="androidx.lifecycle.ProcessLifecycleInitializer"
275-->[androidx.lifecycle:lifecycle-process:2.4.1] AndroidManifest.xml:32:17-78
276                android:value="androidx.startup" />
276-->[androidx.lifecycle:lifecycle-process:2.4.1] AndroidManifest.xml:33:17-49
277        </provider>
278    </application>
279
280</manifest>